<?xml version="1.0" encoding="UTF-8"?>
<!-- Generated by org.testng.reporters.JUnitReportReporter -->
<testsuite hostname="DESKTOP-39GT5A6" failures="0" tests="2" name="dataProviderReading.DataReading" time="3.216" errors="0" timestamp="2022-12-29T15:29:27 IST" skipped="0">
  <testcase classname="dataProviderReading.DataReading" name="dataReadingTest" time="0.077"/>
  <system-out/>
  <testcase classname="dataProviderReading.DataReading" name="dataReadingTest" time="3.139"/>
  <system-out/>
</testsuite> <!-- dataProviderReading.DataReading -->
