<?xml version="1.0" encoding="UTF-8"?>
<!-- Generated by org.testng.reporters.JUnitReportReporter -->
<testsuite hostname="DESKTOP-39GT5A6" failures="0" tests="1" name="deserialisationofemployee.SpDetailsRead" time="0.311" errors="0" timestamp="2022-12-26T17:33:31 IST" skipped="0">
  <testcase classname="deserialisationofemployee.SpDetailsRead" name="readTheSpousedetails" time="0.311"/>
  <system-out/>
</testsuite> <!-- deserialisationofemployee.SpDetailsRead -->
