<?xml version="1.0" encoding="UTF-8"?>
<!-- Generated by org.testng.reporters.JUnitReportReporter -->
<testsuite hostname="DESKTOP-39GT5A6" failures="0" tests="1" name="parameters.HeaderParameter" time="2.594" errors="0" timestamp="2023-01-03T11:32:11 IST" skipped="0">
  <testcase classname="parameters.HeaderParameter" name="head" time="2.594"/>
  <system-out/>
</testsuite> <!-- parameters.HeaderParameter -->
