<?xml version="1.0" encoding="UTF-8"?>
<!-- Generated by org.testng.reporters.JUnitReportReporter -->
<testsuite hostname="DESKTOP-39GT5A6" failures="0" tests="1" name="SerializationAndDeserialization.EmployeeDetailsWithOneArray" time="0.298" errors="0" timestamp="2022-12-26T15:45:03 IST" skipped="0">
  <testcase classname="SerializationAndDeserialization.EmployeeDetailsWithOneArray" name="empdetailsonearray" time="0.298"/>
  <system-out/>
</testsuite> <!-- SerializationAndDeserialization.EmployeeDetailsWithOneArray -->
