<?xml version="1.0" encoding="UTF-8"?>
<!-- Generated by org.testng.reporters.JUnitReportReporter -->
<testsuite hostname="DESKTOP-39GT5A6" failures="0" tests="1" name="assertionsValidations.ResponseBodyContainsValidation" time="2.881" errors="0" timestamp="2023-01-03T11:30:20 IST" skipped="0">
  <testcase classname="assertionsValidations.ResponseBodyContainsValidation" name="getValidation" time="2.881"/>
  <system-out/>
</testsuite> <!-- assertionsValidations.ResponseBodyContainsValidation -->
