<?xml version="1.0" encoding="UTF-8"?>
<!-- Generated by org.testng.reporters.JUnitReportReporter -->
<testsuite hostname="DESKTOP-39GT5A6" failures="0" tests="1" name="authentication.DigestiveBasic" time="2.386" errors="0" timestamp="2023-01-03T17:44:55 IST" skipped="0">
  <testcase classname="authentication.DigestiveBasic" name="digest" time="2.386"/>
  <system-out/>
</testsuite> <!-- authentication.DigestiveBasic -->
