<?xml version="1.0" encoding="UTF-8"?>
<!-- Generated by org.testng.reporters.JUnitReportReporter -->
<testsuite hostname="DESKTOP-39GT5A6" failures="0" tests="1" name="MultiPart.UploadFile" time="5.933" errors="0" timestamp="2023-01-04T11:12:45 IST" skipped="0">
  <testcase classname="MultiPart.UploadFile" name="multipartoperatio" time="5.933"/>
  <system-out/>
</testsuite> <!-- MultiPart.UploadFile -->
