<?xml version="1.0" encoding="UTF-8"?>
<!-- Generated by org.testng.reporters.JUnitReportReporter -->
<testsuite hostname="DESKTOP-39GT5A6" failures="0" tests="1" name="SerializationAndDeserialization.EmpdatawithObject" time="0.261" errors="0" timestamp="2022-12-26T16:06:36 IST" skipped="0">
  <testcase classname="SerializationAndDeserialization.EmpdatawithObject" name="empdatawithobj" time="0.261"/>
  <system-out/>
</testsuite> <!-- SerializationAndDeserialization.EmpdatawithObject -->
