<?xml version="1.0" encoding="UTF-8"?>
<!-- Generated by org.testng.reporters.JUnitReportReporter -->
<testsuite hostname="DESKTOP-39GT5A6" failures="0" tests="1" name="deserialisationofemployee.EmpDetailsObject" time="0.319" errors="0" timestamp="2022-12-27T16:54:07 IST" skipped="0">
  <testcase classname="deserialisationofemployee.EmpDetailsObject" name="deserializaton" time="0.319"/>
  <system-out/>
</testsuite> <!-- deserialisationofemployee.EmpDetailsObject -->
