<?xml version="1.0" encoding="UTF-8"?>
<!-- Generated by org.testng.reporters.JUnitReportReporter -->
<testsuite hostname="DESKTOP-39GT5A6" failures="0" tests="1" name="CRUDoperationsWithoutBDD.PostOperationTest" time="3.253" errors="0" timestamp="2022-12-27T12:52:13 IST" skipped="0">
  <testcase classname="CRUDoperationsWithoutBDD.PostOperationTest" name="operationPost" time="3.253"/>
  <system-out/>
</testsuite> <!-- CRUDoperationsWithoutBDD.PostOperationTest -->
