<?xml version="1.0" encoding="UTF-8"?>
<!-- Generated by org.testng.reporters.JUnitReportReporter -->
<testsuite hostname="DESKTOP-39GT5A6" failures="0" tests="1" name="CRUDoperationWithBDD.GetOperationWithBDD" time="2.529" errors="0" timestamp="2022-12-27T17:40:36 IST" skipped="0">
  <testcase classname="CRUDoperationWithBDD.GetOperationWithBDD" name="operationGet" time="2.529"/>
  <system-out/>
</testsuite> <!-- CRUDoperationWithBDD.GetOperationWithBDD -->
