<?xml version="1.0" encoding="UTF-8"?>
<!-- Generated by org.testng.reporters.JUnitReportReporter -->
<testsuite hostname="DESKTOP-39GT5A6" failures="0" tests="1" name="authentication.BearerToken" time="4.097" errors="0" timestamp="2023-01-03T17:54:34 IST" skipped="0">
  <testcase classname="authentication.BearerToken" name="bearer" time="4.097"/>
  <system-out/>
</testsuite> <!-- authentication.BearerToken -->
