<?xml version="1.0" encoding="UTF-8"?>
<!-- Generated by org.testng.reporters.JUnitReportReporter -->
<testsuite hostname="DESKTOP-39GT5A6" failures="0" tests="1" name="deserialisationofemployee.EmpDetailsUsingTwoArrays" time="0.286" errors="0" timestamp="2022-12-26T23:35:21 IST" skipped="0">
  <testcase classname="deserialisationofemployee.EmpDetailsUsingTwoArrays" name="readEmployeeDetails2Arrays" time="0.286"/>
  <system-out/>
</testsuite> <!-- deserialisationofemployee.EmpDetailsUsingTwoArrays -->
