<?xml version="1.0" encoding="UTF-8"?>
<!-- Generated by org.testng.reporters.JUnitReportReporter -->
<testsuite hostname="DESKTOP-39GT5A6" failures="0" tests="1" name="crudOperationsUsingBaseClass.PostDataUsingBaseClass" time="1.964" errors="0" timestamp="2023-01-04T13:17:24 IST" skipped="0">
  <testcase classname="crudOperationsUsingBaseClass.PostDataUsingBaseClass" name="postOperation" time="1.964"/>
  <system-out/>
</testsuite> <!-- crudOperationsUsingBaseClass.PostDataUsingBaseClass -->
