<?xml version="1.0" encoding="UTF-8"?>
<!-- Generated by org.testng.reporters.JUnitReportReporter -->
<testsuite hostname="DESKTOP-39GT5A6" failures="0" tests="1" name="deserialisationofemployee.EmpDetailsUsingOneArray" time="0.288" errors="0" timestamp="2022-12-26T23:23:02 IST" skipped="0">
  <testcase classname="deserialisationofemployee.EmpDetailsUsingOneArray" name="empdata1array" time="0.288"/>
  <system-out/>
</testsuite> <!-- deserialisationofemployee.EmpDetailsUsingOneArray -->
