<?xml version="1.0" encoding="UTF-8"?>
<!-- Generated by org.testng.reporters.JUnitReportReporter -->
<testsuite hostname="DESKTOP-39GT5A6" failures="0" tests="1" name="authentication.Preemptivebasic" time="2.509" errors="0" timestamp="2023-01-03T17:42:44 IST" skipped="0">
  <testcase classname="authentication.Preemptivebasic" name="prem" time="2.509"/>
  <system-out/>
</testsuite> <!-- authentication.Preemptivebasic -->
