<?xml version="1.0" encoding="UTF-8"?>
<!-- Generated by org.testng.reporters.JUnitReportReporter -->
<testsuite hostname="DESKTOP-39GT5A6" failures="0" tests="1" name="responseBodyIntoJsonFile.ByteArr" time="2.517" errors="0" timestamp="2023-01-03T13:18:55 IST" skipped="0">
  <testcase classname="responseBodyIntoJsonFile.ByteArr" name="byteA" time="2.517"/>
  <system-out/>
</testsuite> <!-- responseBodyIntoJsonFile.ByteArr -->
