<?xml version="1.0" encoding="UTF-8"?>
<!-- Generated by org.testng.reporters.JUnitReportReporter -->
<testsuite hostname="DESKTOP-39GT5A6" failures="0" tests="1" name="jsonFile.PostOpeartionUsingJsonFile" time="3.427" errors="0" timestamp="2022-12-29T11:23:04 IST" skipped="0">
  <testcase classname="jsonFile.PostOpeartionUsingJsonFile" name="opeartionpost" time="3.427"/>
  <system-out/>
</testsuite> <!-- jsonFile.PostOpeartionUsingJsonFile -->
