<?xml version="1.0" encoding="UTF-8"?>
<!-- Generated by org.testng.reporters.JUnitReportReporter -->
<testsuite hostname="DESKTOP-39GT5A6" failures="0" tests="1" name="CRUDoperationsWithoutBDD.PutOperationTest" time="2.877" errors="0" timestamp="2022-12-27T15:38:01 IST" skipped="0">
  <testcase classname="CRUDoperationsWithoutBDD.PutOperationTest" name="putOperationUpdate" time="2.877"/>
  <system-out/>
</testsuite> <!-- CRUDoperationsWithoutBDD.PutOperationTest -->
