<?xml version="1.0" encoding="UTF-8"?>
<!-- Generated by org.testng.reporters.JUnitReportReporter -->
<testsuite hostname="DESKTOP-39GT5A6" failures="0" tests="1" name="parameters.PathParameter" time="3.326" errors="0" timestamp="2023-01-03T11:03:58 IST" skipped="0">
  <testcase classname="parameters.PathParameter" name="path" time="3.326"/>
  <system-out/>
</testsuite> <!-- parameters.PathParameter -->
