<?xml version="1.0" encoding="UTF-8"?>
<!-- Generated by org.testng.reporters.JUnitReportReporter -->
<testsuite hostname="DESKTOP-39GT5A6" failures="0" tests="3" name="responseBodyIntoJsonFile.AsString" time="4.857" errors="0" timestamp="2023-01-03T15:16:42 IST" skipped="0">
  <testcase classname="responseBodyIntoJsonFile.AsString" name="usingInputStream" time="2.103"/>
  <system-out/>
  <testcase classname="responseBodyIntoJsonFile.AsString" name="byteA" time="0.054"/>
  <system-out/>
  <testcase classname="responseBodyIntoJsonFile.AsString" name="as" time="2.700"/>
  <system-out/>
</testsuite> <!-- responseBodyIntoJsonFile.AsString -->
