<?xml version="1.0" encoding="UTF-8"?>
<!-- Generated by org.testng.reporters.JUnitReportReporter -->
<testsuite hostname="DESKTOP-39GT5A6" failures="0" tests="1" name="Assertions.PostOpeartionAssertionResPonseBody" time="2.903" errors="0" timestamp="2022-12-28T15:35:45 IST" skipped="0">
  <testcase classname="Assertions.PostOpeartionAssertionResPonseBody" name="AssertionBodyPost" time="2.903"/>
  <system-out/>
</testsuite> <!-- Assertions.PostOpeartionAssertionResPonseBody -->
