<?xml version="1.0" encoding="UTF-8"?>
<!-- Generated by org.testng.reporters.JUnitReportReporter -->
<testsuite hostname="DESKTOP-39GT5A6" failures="0" tests="1" name="assertionsValidations.TimeValidation" time="2.260" errors="0" timestamp="2023-01-03T10:55:38 IST" skipped="0">
  <testcase classname="assertionsValidations.TimeValidation" name="time" time="2.260"/>
  <system-out/>
</testsuite> <!-- assertionsValidations.TimeValidation -->
