<?xml version="1.0" encoding="UTF-8"?>
<!-- Generated by org.testng.reporters.JUnitReportReporter -->
<testsuite hostname="DESKTOP-39GT5A6" failures="0" tests="1" name="CRUDoperationWithBDD.PostOpeartionAssertionResPonseBody" time="2.864" errors="0" timestamp="2022-12-28T15:21:56 IST" skipped="0">
  <testcase classname="CRUDoperationWithBDD.PostOpeartionAssertionResPonseBody" name="AssertionBodyPost" time="2.864"/>
  <system-out/>
</testsuite> <!-- CRUDoperationWithBDD.PostOpeartionAssertionResPonseBody -->
