<?xml version="1.0" encoding="UTF-8"?>
<!-- Generated by org.testng.reporters.JUnitReportReporter -->
<testsuite hostname="DESKTOP-39GT5A6" failures="0" tests="1" name="Assertions.GetOpeartionReqres" time="5.434" errors="0" timestamp="2022-12-28T17:56:58 IST" skipped="0">
  <testcase classname="Assertions.GetOpeartionReqres" name="getOperation" time="5.434"/>
  <system-out/>
</testsuite> <!-- Assertions.GetOpeartionReqres -->
