<?xml version="1.0" encoding="UTF-8"?>
<!-- Generated by org.testng.reporters.JUnitReportReporter -->
<testsuite hostname="DESKTOP-39GT5A6" failures="0" tests="1" name="Pojo.PostOpeartionPojo" time="3.703" errors="0" timestamp="2022-12-29T12:56:59 IST" skipped="0">
  <testcase classname="Pojo.PostOpeartionPojo" name="postPojo" time="3.703"/>
  <system-out/>
</testsuite> <!-- Pojo.PostOpeartionPojo -->
