<?xml version="1.0" encoding="UTF-8"?>
<!-- Generated by org.testng.reporters.JUnitReportReporter -->
<testsuite hostname="DESKTOP-39GT5A6" failures="0" tests="1" name="SerializationAndDeserialization.SpDetails" time="0.263" errors="0" timestamp="2022-12-26T16:13:06 IST" skipped="0">
  <testcase classname="SerializationAndDeserialization.SpDetails" name="spdetailsspouse" time="0.263"/>
  <system-out/>
</testsuite> <!-- SerializationAndDeserialization.SpDetails -->
