<?xml version="1.0" encoding="UTF-8"?>
<!-- Generated by org.testng.reporters.JUnitReportReporter -->
<testsuite hostname="DESKTOP-39GT5A6" failures="0" tests="1" name="assertionsValidations.ResponseHeaderAssertion" time="2.988" errors="0" timestamp="2023-01-03T10:51:09 IST" skipped="0">
  <testcase classname="assertionsValidations.ResponseHeaderAssertion" name="header" time="2.988"/>
  <system-out/>
</testsuite> <!-- assertionsValidations.ResponseHeaderAssertion -->
