<?xml version="1.0" encoding="UTF-8"?>
<!-- Generated by org.testng.reporters.JUnitReportReporter -->
<testsuite hostname="DESKTOP-39GT5A6" failures="0" tests="1" name="authentication.BasicAuthentication" time="2.771" errors="0" timestamp="2023-01-03T17:37:40 IST" skipped="0">
  <testcase classname="authentication.BasicAuthentication" name="basicAuth" time="2.771"/>
  <system-out/>
</testsuite> <!-- authentication.BasicAuthentication -->
