<?xml version="1.0" encoding="UTF-8"?>
<!-- Generated by org.testng.reporters.JUnitReportReporter -->
<testsuite hostname="DESKTOP-39GT5A6" failures="1" tests="1" name="assertionsValidations.DynamicResponse" time="3.749" errors="0" timestamp="2023-01-03T10:36:45 IST" skipped="0">
  <testcase classname="assertionsValidations.DynamicResponse" name="dynamicValidation" time="3.749">
    <failure message="1 expectation failed.
JSON path projectName doesn&#039;t match.
Expected: (a collection containing &quot;HMM894&quot; and a collection containing &quot;Elite2961&quot; and a collection containing &quot;Portugal1&quot; and a collection containing &quot;VarisuVarasudu1&quot;)
  Actual: &lt;[HMSHMot, HMSHMEH, HMSHM????????, HMSHM979753008866, HMSHM894, Cinema, Cinema1, Cinema2, CinemaHn, CinemaXY, CinemaAO, Cinemamy, CinematD, HMS123, Ragada, Kanak, Mumbai, AndhraPradesh, Mumbai1, AndhraPradesh1, Elite897, Elite1283, Elite4993, Elite3015, Elite2961, ABELGAVI, Elite1PN3549, Elite1PN3139, Elite489, Elite3246, Elite1923, Elite393, FifaWorldCup, Argentina, Portugal, Brazil, France, Argentina1, Portugal1, Brazil1, France1, Argentina12010, Portugal11253, Brazil14154, France12681, Argentina11612, Portugal11360, Brazil12179, France117, Argentina12347, Portugal12902, Brazil11081, France13537, Argentina14793, Portugal1212, Brazil11306, France14807, Argentina11410, Portugal11697, Brazil12290, France14479, DeserveYou, DeserveYou123, DeserveYou008, DeserveYou777, DeserveYou3449, DeserveYou699, BIGBASH, CRM, Banking, Hrm, Varisu, VarisuVarasudu, VarisuVarasudu1, VarisuVarasudu12, HMS]&gt;
" type="java.lang.AssertionError">
      <![CDATA[java.lang.AssertionError: 1 expectation failed.
JSON path projectName doesn't match.
Expected: (a collection containing "HMM894" and a collection containing "Elite2961" and a collection containing "Portugal1" and a collection containing "VarisuVarasudu1")
  Actual: <[HMSHMot, HMSHMEH, HMSHM????????, HMSHM979753008866, HMSHM894, Cinema, Cinema1, Cinema2, CinemaHn, CinemaXY, CinemaAO, Cinemamy, CinematD, HMS123, Ragada, Kanak, Mumbai, AndhraPradesh, Mumbai1, AndhraPradesh1, Elite897, Elite1283, Elite4993, Elite3015, Elite2961, ABELGAVI, Elite1PN3549, Elite1PN3139, Elite489, Elite3246, Elite1923, Elite393, FifaWorldCup, Argentina, Portugal, Brazil, France, Argentina1, Portugal1, Brazil1, France1, Argentina12010, Portugal11253, Brazil14154, France12681, Argentina11612, Portugal11360, Brazil12179, France117, Argentina12347, Portugal12902, Brazil11081, France13537, Argentina14793, Portugal1212, Brazil11306, France14807, Argentina11410, Portugal11697, Brazil12290, France14479, DeserveYou, DeserveYou123, DeserveYou008, DeserveYou777, DeserveYou3449, DeserveYou699, BIGBASH, CRM, Banking, Hrm, Varisu, VarisuVarasudu, VarisuVarasudu1, VarisuVarasudu12, HMS]>

at java.base/jdk.internal.reflect.NativeConstructorAccessorImpl.newInstance0(Native Method)
at java.base/jdk.internal.reflect.NativeConstructorAccessorImpl.newInstance(NativeConstructorAccessorImpl.java:77)
at java.base/jdk.internal.reflect.DelegatingConstructorAccessorImpl.newInstance(DelegatingConstructorAccessorImpl.java:45)
at java.base/java.lang.reflect.Constructor.newInstanceWithCaller(Constructor.java:499)
at java.base/java.lang.reflect.Constructor.newInstance(Constructor.java:480)
at org.codehaus.groovy.reflection.CachedConstructor.invoke(CachedConstructor.java:72)
at org.codehaus.groovy.runtime.callsite.ConstructorSite$ConstructorSiteNoUnwrapNoCoerce.callConstructor(ConstructorSite.java:105)
at org.codehaus.groovy.runtime.callsite.CallSiteArray.defaultCallConstructor(CallSiteArray.java:59)
at org.codehaus.groovy.runtime.callsite.AbstractCallSite.callConstructor(AbstractCallSite.java:263)
at org.codehaus.groovy.runtime.callsite.AbstractCallSite.callConstructor(AbstractCallSite.java:277)
at io.restassured.internal.ResponseSpecificationImpl$HamcrestAssertionClosure.validate(ResponseSpecificationImpl.groovy:493)
at io.restassured.internal.ResponseSpecificationImpl$HamcrestAssertionClosure$validate$1.call(Unknown Source)
at io.restassured.internal.ResponseSpecificationImpl.validateResponseIfRequired(ResponseSpecificationImpl.groovy:674)
at java.base/jdk.internal.reflect.NativeMethodAccessorImpl.invoke0(Native Method)
at java.base/jdk.internal.reflect.NativeMethodAccessorImpl.invoke(NativeMethodAccessorImpl.java:77)
at java.base/jdk.internal.reflect.DelegatingMethodAccessorImpl.invoke(DelegatingMethodAccessorImpl.java:43)
at java.base/java.lang.reflect.Method.invoke(Method.java:568)
at org.codehaus.groovy.runtime.callsite.PlainObjectMetaMethodSite.doInvoke(PlainObjectMetaMethodSite.java:43)
at org.codehaus.groovy.runtime.callsite.PogoMetaMethodSite$PogoCachedMethodSiteNoUnwrapNoCoerce.invoke(PogoMetaMethodSite.java:193)
at org.codehaus.groovy.runtime.callsite.PogoMetaMethodSite.callCurrent(PogoMetaMethodSite.java:61)
at org.codehaus.groovy.runtime.callsite.AbstractCallSite.callCurrent(AbstractCallSite.java:185)
at io.restassured.internal.ResponseSpecificationImpl.body(ResponseSpecificationImpl.groovy:261)
at io.restassured.specification.ResponseSpecification$body$0.callCurrent(Unknown Source)
at org.codehaus.groovy.runtime.callsite.CallSiteArray.defaultCallCurrent(CallSiteArray.java:51)
at io.restassured.specification.ResponseSpecification$body$0.callCurrent(Unknown Source)
at io.restassured.internal.ResponseSpecificationImpl.body(ResponseSpecificationImpl.groovy:108)
at io.restassured.internal.ValidatableResponseOptionsImpl.body(ValidatableResponseOptionsImpl.java:244)
at io.restassured.internal.ValidatableResponseImpl.super$2$body(ValidatableResponseImpl.groovy)
at java.base/jdk.internal.reflect.NativeMethodAccessorImpl.invoke0(Native Method)
at java.base/jdk.internal.reflect.NativeMethodAccessorImpl.invoke(NativeMethodAccessorImpl.java:77)
at java.base/jdk.internal.reflect.DelegatingMethodAccessorImpl.invoke(DelegatingMethodAccessorImpl.java:43)
at java.base/java.lang.reflect.Method.invoke(Method.java:568)
at org.codehaus.groovy.reflection.CachedMethod.invoke(CachedMethod.java:107)
at groovy.lang.MetaMethod.doMethodInvoke(MetaMethod.java:323)
at groovy.lang.MetaClassImpl.invokeMethod(MetaClassImpl.java:1268)
at org.codehaus.groovy.runtime.ScriptBytecodeAdapter.invokeMethodOnSuperN(ScriptBytecodeAdapter.java:144)
at io.restassured.internal.ValidatableResponseImpl.body(ValidatableResponseImpl.groovy:298)
at io.restassured.internal.ValidatableResponseImpl.body(ValidatableResponseImpl.groovy)
at assertionsValidations.DynamicResponse.dynamicValidation(DynamicResponse.java:19)
at java.base/jdk.internal.reflect.NativeMethodAccessorImpl.invoke0(Native Method)
at java.base/jdk.internal.reflect.NativeMethodAccessorImpl.invoke(NativeMethodAccessorImpl.java:77)
at java.base/jdk.internal.reflect.DelegatingMethodAccessorImpl.invoke(DelegatingMethodAccessorImpl.java:43)
at java.base/java.lang.reflect.Method.invoke(Method.java:568)
at org.testng.internal.MethodInvocationHelper.invokeMethod(MethodInvocationHelper.java:133)
at org.testng.internal.TestInvoker.invokeMethod(TestInvoker.java:598)
at org.testng.internal.TestInvoker.invokeTestMethod(TestInvoker.java:173)
at org.testng.internal.MethodRunner.runInSequence(MethodRunner.java:46)
at org.testng.internal.TestInvoker$MethodInvocationAgent.invoke(TestInvoker.java:824)
at org.testng.internal.TestInvoker.invokeTestMethods(TestInvoker.java:146)
at org.testng.internal.TestMethodWorker.invokeTestMethods(TestMethodWorker.java:146)
at org.testng.internal.TestMethodWorker.run(TestMethodWorker.java:128)
at java.base/java.util.ArrayList.forEach(ArrayList.java:1511)
at org.testng.TestRunner.privateRun(TestRunner.java:794)
at org.testng.TestRunner.run(TestRunner.java:596)
at org.testng.SuiteRunner.runTest(SuiteRunner.java:377)
at org.testng.SuiteRunner.runSequentially(SuiteRunner.java:371)
at org.testng.SuiteRunner.privateRun(SuiteRunner.java:332)
at org.testng.SuiteRunner.run(SuiteRunner.java:276)
at org.testng.SuiteRunnerWorker.runSuite(SuiteRunnerWorker.java:53)
at org.testng.SuiteRunnerWorker.run(SuiteRunnerWorker.java:96)
at org.testng.TestNG.runSuitesSequentially(TestNG.java:1212)
at org.testng.TestNG.runSuitesLocally(TestNG.java:1134)
at org.testng.TestNG.runSuites(TestNG.java:1063)
at org.testng.TestNG.run(TestNG.java:1031)
at org.testng.remote.AbstractRemoteTestNG.run(AbstractRemoteTestNG.java:115)
at org.testng.remote.RemoteTestNG.initAndRun(RemoteTestNG.java:251)
at org.testng.remote.RemoteTestNG.main(RemoteTestNG.java:77)
]]>
    </failure>
  </testcase> <!-- dynamicValidation -->
  <system-out/>
</testsuite> <!-- assertionsValidations.DynamicResponse -->
