<?xml version="1.0" encoding="UTF-8"?>
<!-- Generated by org.testng.reporters.JUnitReportReporter -->
<testsuite hostname="DESKTOP-39GT5A6" failures="0" tests="1" name="TypesHashMap.JsonFilePostTest" time="3.210" errors="0" timestamp="2022-12-29T11:15:41 IST" skipped="0">
  <testcase classname="TypesHashMap.JsonFilePostTest" name="operationHashMapPost" time="3.210"/>
  <system-out/>
</testsuite> <!-- TypesHashMap.JsonFilePostTest -->
