<?xml version="1.0" encoding="UTF-8"?>
<!-- Generated by org.testng.reporters.JUnitReportReporter -->
<testsuite hostname="DESKTOP-39GT5A6" failures="0" tests="1" name="requestChaining.Chaining" time="4.304" errors="0" timestamp="2023-01-03T12:28:17 IST" skipped="0">
  <testcase classname="requestChaining.Chaining" name="request" time="4.304"/>
  <system-out/>
</testsuite> <!-- requestChaining.Chaining -->
