<?xml version="1.0" encoding="UTF-8"?>
<!-- Generated by org.testng.reporters.JUnitReportReporter -->
<testsuite hostname="DESKTOP-39GT5A6" failures="0" tests="1" name="CRUDoperationWithBDD.PostOperationWithBDD" time="3.123" errors="0" timestamp="2022-12-28T13:19:12 IST" skipped="0">
  <testcase classname="CRUDoperationWithBDD.PostOperationWithBDD" name="operatonPost" time="3.123"/>
  <system-out/>
</testsuite> <!-- CRUDoperationWithBDD.PostOperationWithBDD -->
