<?xml version="1.0" encoding="UTF-8"?>
<!-- Generated by org.testng.reporters.JUnitReportReporter -->
<testsuite hostname="DESKTOP-39GT5A6" failures="0" tests="1" name="parameters.QueryParameter" time="3.874" errors="0" timestamp="2023-01-03T11:21:25 IST" skipped="0">
  <testcase classname="parameters.QueryParameter" name="query" time="3.874"/>
  <system-out/>
</testsuite> <!-- parameters.QueryParameter -->
