<?xml version="1.0" encoding="UTF-8"?>
<!-- Generated by org.testng.reporters.JUnitReportReporter -->
<testsuite hostname="DESKTOP-39GT5A6" failures="0" tests="1" name="CRUDoperationWithBDD.PutOperationUsingBDDTest" time="3.181" errors="0" timestamp="2022-12-28T12:06:56 IST" skipped="0">
  <testcase classname="CRUDoperationWithBDD.PutOperationUsingBDDTest" name="operatonPut" time="3.181"/>
  <system-out/>
</testsuite> <!-- CRUDoperationWithBDD.PutOperationUsingBDDTest -->
