<?xml version="1.0" encoding="UTF-8"?>
<!-- Generated by org.testng.reporters.JUnitReportReporter -->
<testsuite hostname="DESKTOP-39GT5A6" failures="0" tests="1" name="CRUDoperationsWithoutBDD.PostAddProjectTest" time="3.354" errors="0" timestamp="2022-12-27T12:36:51 IST" skipped="0">
  <testcase classname="CRUDoperationsWithoutBDD.PostAddProjectTest" name="postaddProject" time="3.354"/>
  <system-out/>
</testsuite> <!-- CRUDoperationsWithoutBDD.PostAddProjectTest -->
