<?xml version="1.0" encoding="UTF-8"?>
<!-- Generated by org.testng.reporters.JUnitReportReporter -->
<testsuite hostname="DESKTOP-39GT5A6" failures="0" tests="1" name="CRUDoperationWithBDD.GetOperationUsingBDDsingleProject" time="2.477" errors="0" timestamp="2022-12-27T17:48:32 IST" skipped="0">
  <testcase classname="CRUDoperationWithBDD.GetOperationUsingBDDsingleProject" name="operatonGet" time="2.477"/>
  <system-out/>
</testsuite> <!-- CRUDoperationWithBDD.GetOperationUsingBDDsingleProject -->
