<?xml version="1.0" encoding="UTF-8"?>
<!-- Generated by org.testng.reporters.JUnitReportReporter -->
<testsuite hostname="DESKTOP-39GT5A6" failures="0" tests="2" name="dataProviderReading.ExcelDataDataProvider" time="3.066" errors="0" timestamp="2023-01-04T16:04:06 IST" skipped="0">
  <testcase classname="dataProviderReading.ExcelDataDataProvider" name="addProjectExcel" time="3.006"/>
  <system-out/>
  <testcase classname="dataProviderReading.ExcelDataDataProvider" name="addProjectExcel" time="0.060"/>
  <system-out/>
</testsuite> <!-- dataProviderReading.ExcelDataDataProvider -->
