<?xml version="1.0" encoding="UTF-8"?>
<!-- Generated by org.testng.reporters.JUnitReportReporter -->
<testsuite hostname="DESKTOP-39GT5A6" failures="0" tests="1" name="CRUDoperationWithBDD.DeleteOpeartionWithBDDTest" time="2.375" errors="0" timestamp="2022-12-28T11:16:23 IST" skipped="0">
  <testcase classname="CRUDoperationWithBDD.DeleteOpeartionWithBDDTest" name="operationDelete" time="2.375"/>
  <system-out/>
</testsuite> <!-- CRUDoperationWithBDD.DeleteOpeartionWithBDDTest -->
