<?xml version="1.0" encoding="UTF-8"?>
<!-- Generated by org.testng.reporters.JUnitReportReporter -->
<testsuite hostname="DESKTOP-39GT5A6" failures="0" tests="1" name="authentication.Preemptive" time="2.440" errors="0" timestamp="2023-01-03T17:41:11 IST" skipped="0">
  <testcase classname="authentication.Preemptive" name="prem" time="2.440"/>
  <system-out/>
</testsuite> <!-- authentication.Preemptive -->
