<?xml version="1.0" encoding="UTF-8"?>
<!-- Generated by org.testng.reporters.JUnitReportReporter -->
<testsuite hostname="DESKTOP-39GT5A6" failures="0" tests="1" name="SerializationAndDeserialization.EmpDataUsingTwoArrays" time="0.268" errors="0" timestamp="2022-12-26T15:54:15 IST" skipped="0">
  <testcase classname="SerializationAndDeserialization.EmpDataUsingTwoArrays" name="employeeDataTwoArrays" time="0.268"/>
  <system-out/>
</testsuite> <!-- SerializationAndDeserialization.EmpDataUsingTwoArrays -->
