<?xml version="1.0" encoding="UTF-8"?>
<!-- Generated by org.testng.reporters.JUnitReportReporter -->
<testsuite hostname="DESKTOP-39GT5A6" failures="0" tests="1" name="SerializationOfemployee.EmpdatawithObject" time="0.278" errors="0" timestamp="2022-12-27T16:23:28 IST" skipped="0">
  <testcase classname="SerializationOfemployee.EmpdatawithObject" name="empdatawithobj" time="0.278"/>
  <system-out/>
</testsuite> <!-- SerializationOfemployee.EmpdatawithObject -->
