<?xml version="1.0" encoding="UTF-8"?>
<!-- Generated by org.testng.reporters.JUnitReportReporter -->
<testsuite hostname="DESKTOP-39GT5A6" failures="0" tests="1" name="crudOperationsUsingBaseClass.GetSingleProjectTest" time="2.519" errors="0" timestamp="2023-01-04T15:35:59 IST" skipped="0">
  <testcase classname="crudOperationsUsingBaseClass.GetSingleProjectTest" name="getSingleProject" time="2.519"/>
  <system-out/>
</testsuite> <!-- crudOperationsUsingBaseClass.GetSingleProjectTest -->
