<?xml version="1.0" encoding="UTF-8"?>
<!-- Generated by org.testng.reporters.JUnitReportReporter -->
<testsuite hostname="DESKTOP-39GT5A6" failures="0" tests="1" name="CRUDoperationsWithoutBDD.GetSingleProject" time="2.365" errors="0" timestamp="2022-12-27T13:25:07 IST" skipped="0">
  <testcase classname="CRUDoperationsWithoutBDD.GetSingleProject" name="singleprojectget" time="2.365"/>
  <system-out/>
</testsuite> <!-- CRUDoperationsWithoutBDD.GetSingleProject -->
