<?xml version="1.0" encoding="UTF-8"?>
<!-- Generated by org.testng.reporters.JUnitReportReporter -->
<testsuite hostname="DESKTOP-39GT5A6" failures="0" tests="1" name="SerializationAndDeserialization.SerializationAndDeserializationofEmployee" time="0.409" errors="0" timestamp="2022-12-26T15:33:11 IST" skipped="0">
  <testcase classname="SerializationAndDeserialization.SerializationAndDeserializationofEmployee" name="serializationofEmployeeDetails" time="0.409"/>
  <system-out/>
</testsuite> <!-- SerializationAndDeserialization.SerializationAndDeserializationofEmployee -->
