<?xml version="1.0" encoding="UTF-8"?>
<!-- Generated by org.testng.reporters.JUnitReportReporter -->
<testsuite hostname="DESKTOP-39GT5A6" failures="0" tests="1" name="Assertions.Get" time="4.044" errors="0" timestamp="2022-12-28T17:53:28 IST" skipped="0">
  <testcase classname="Assertions.Get" name="getOperation" time="4.044"/>
  <system-out/>
</testsuite> <!-- Assertions.Get -->
