<?xml version="1.0" encoding="UTF-8"?>
<!-- Generated by org.testng.reporters.JUnitReportReporter -->
<testsuite hostname="DESKTOP-39GT5A6" failures="0" tests="1" name="CRUDoperationsWithoutBDD.GetProjectTest" time="2.455" errors="0" timestamp="2022-12-27T13:10:04 IST" skipped="0">
  <testcase classname="CRUDoperationsWithoutBDD.GetProjectTest" name="projectGet" time="2.455"/>
  <system-out/>
</testsuite> <!-- CRUDoperationsWithoutBDD.GetProjectTest -->
